<?xml version="1.0" encoding="UTF-8"?>
<!-- Generated by org.testng.reporters.JUnitXMLReporter -->
<testsuite ignored="0" hostname="DESKTOP-VQJDNMF" failures="0" tests="3" name="Test" time="87.836" errors="0" timestamp="2022-07-11T18:12:12 IST">
  <testcase classname="Academy.HomePage" name="homePageNavigation" time="21.97"/>
  <testcase classname="Academy.HomePage" name="homePageNavigation" time="19.027"/>
  <testcase classname="Academy.ValidateTiltle" name="landingPageNavigation" time="0.074"/>
</testsuite> <!-- Test -->
