<?xml version="1.0" encoding="UTF-8"?>
<!-- Generated by org.testng.reporters.JUnitXMLReporter -->
<testsuite ignored="0" hostname="DESKTOP-VQJDNMF" failures="0" tests="3" name="Test" time="62.068" errors="0" timestamp="2022-07-11T16:39:05 IST">
  <testcase classname="Academy.HomePage" name="homePageNavigation" time="21.502"/>
  <testcase classname="Academy.HomePage" name="homePageNavigation" time="18.128"/>
  <testcase classname="Academy.ValidateTiltle" name="landingPageNavigation" time="0.036"/>
</testsuite> <!-- Test -->
