-------------------------------------------------------------------------------
Test set: TestSuite
-------------------------------------------------------------------------------
Tests run: 4, Failures: 1, Errors: 0, Skipped: 0, Time elapsed: 77.131 s <<< FAILURE! - in TestSuite
landingPageNavigation(Academy.ValidateTitle)  Time elapsed: 1.19 s  <<< FAILURE!
java.lang.AssertionError: expected [FEATURED COURSES12] but found [FEATURED COURSES]
	at Academy.ValidateTitle.landingPageNavigation(ValidateTitle.java:34)

